<?xml version="1.0" encoding="UTF-8"?>
<testsuite xmlns:xsi="http://www.w3.org/2001/XMLSchema-instance" xsi:noNamespaceSchemaLocation="https://maven.apache.org/surefire/maven-failsafe-plugin/xsd/failsafe-test-report-3.0.xsd" version="3.0" name="org.example.acceptancetests.AcceptanceTestSuite" time="25.174" tests="2" errors="0" skipped="0" failures="1">
  <properties>
[...]
</properties>
  <testcase name="Modification de l&apos;adresse d&apos;un abonné résidant en France sans ou avec date d&apos;effet #1" classname="Modifier l&apos;adresse d&apos;un abonne" time="4.913">
    <failure type="java.lang.AssertionError"><![CDATA[java.lang.AssertionError: expected:<0> but was:<1>
]]></failure>
    <system-err><![CDATA[[main] INFO io.cucumber.core.plugin.SerenityReporter - Running feature from file:///C:/Users/Carine%20Nguyen/IdeaProjects/testcanal-serenity/src/test/resources/features/adresse.feature
[main] WARN io.cucumber.core.plugin.SerenityReporter - Feature from file:///C:/Users/Carine%20Nguyen/IdeaProjects/testcanal-serenity/src/test/resources/features/adresse.feature is not under the 'features' directory. Requirements report will not be correctly generated!
[main] INFO  - 

-------------------------------------------------------------------------------------
     _______. _______ .______       _______ .__   __.  __  .___________.____    ____ 
    /       ||   ____||   _  \     |   ____||  \ |  | |  | |           |\   \  /   / 
   |   (----`|  |__   |  |_)  |    |  |__   |   \|  | |  | `---|  |----` \   \/   /  
    \   \    |   __|  |      /     |   __|  |  . `  | |  |     |  |       \_    _/   
.----)   |   |  |____ |  |\  \----.|  |____ |  |\   | |  |     |  |         |  |     
|_______/    |_______|| _| `._____||_______||__| \__| |__|     |__|         |__|    
                                                                                     
 News and tutorials at http://www.serenity-bdd.info                                  
 Documentation at https://wakaleo.gitbooks.io/the-serenity-book/content/             
 Join the Serenity Community on Gitter: https://gitter.im/serenity-bdd/serenity-core 
 Serenity BDD Support and Training at http://serenity-bdd.info/#/trainingandsupport  
-------------------------------------------------------------------------------------

[main] INFO  - Test Suite Started: Modifier l'adresse d'un abonne
[main] INFO io.cucumber.core.plugin.SerenityReporter - Running feature from file:///C:/Users/Carine%20Nguyen/IdeaProjects/testcanal-serenity/src/test/resources/features/adresse.feature
[main] WARN io.cucumber.core.plugin.SerenityReporter - Feature from file:///C:/Users/Carine%20Nguyen/IdeaProjects/testcanal-serenity/src/test/resources/features/adresse.feature is not under the 'features' directory. Requirements report will not be correctly generated!
[main] INFO  - 
 _____ _____ ____ _____   ____ _____  _    ____ _____ _____ ____  
|_   _| ____/ ___|_   _| / ___|_   _|/ \  |  _ \_   _| ____|  _ \ 
  | | |  _| \___ \ | |   \___ \ | | / _ \ | |_) || | |  _| | | | |
  | | | |___ ___) || |    ___) || |/ ___ \|  _ < | | | |___| |_| |
  |_| |_____|____/ |_|   |____/ |_/_/   \_\_| \_\|_| |_____|____/ 

Modification de l'adresse d'un abonné résidant en France sans ou avec date d'effet(modifier-l-adresse-d-un-abonne;modification-de-l-adresse-d-un-abonné-résidant-en-france-sans-ou-avec-date-d-effet)
-------------------------------------------------------------------
[main] ERROR  - 
           __  _____ _____ ____ _____   _____ _    ___ _     _____ ____  
  _       / / |_   _| ____/ ___|_   _| |  ___/ \  |_ _| |   | ____|  _ \ 
 (_)_____| |    | | |  _| \___ \ | |   | |_ / _ \  | || |   |  _| | | | |
  _|_____| |    | | | |___ ___) || |   |  _/ ___ \ | || |___| |___| |_| |
 (_)     | |    |_| |_____|____/ |_|   |_|/_/   \_\___|_____|_____|____/ 
          \_\                                                            

Modification de l'adresse d'un abonné résidant en France sans ou avec date d'effet
--------------------------------------------------------------------------
[main] ERROR  -     Test failed at step: Then l'adresse de l'abonné modifiée est enregistrée sur l'ensemble des contrats de l'abonné
[main] ERROR  -     expected:<0> but was:<1>
]]></system-err>
  </testcase>
  <testcase name="Modification de l&apos;adresse d&apos;un abonné résidant en France sans ou avec date d&apos;effet #2" classname="Modifier l&apos;adresse d&apos;un abonne" time="0.38">
    <system-err><![CDATA[[main] INFO io.cucumber.core.plugin.SerenityReporter - Running feature from file:///C:/Users/Carine%20Nguyen/IdeaProjects/testcanal-serenity/src/test/resources/features/adresse.feature
[main] WARN io.cucumber.core.plugin.SerenityReporter - Feature from file:///C:/Users/Carine%20Nguyen/IdeaProjects/testcanal-serenity/src/test/resources/features/adresse.feature is not under the 'features' directory. Requirements report will not be correctly generated!
[main] ERROR  - 
           __  _____ _____ ____ _____   _____ _    ___ _     _____ ____  
  _       / / |_   _| ____/ ___|_   _| |  ___/ \  |_ _| |   | ____|  _ \ 
 (_)_____| |    | | |  _| \___ \ | |   | |_ / _ \  | || |   |  _| | | | |
  _|_____| |    | | | |___ ___) || |   |  _/ ___ \ | || |___| |___| |_| |
 (_)     | |    |_| |_____|____/ |_|   |_|/_/   \_\___|_____|_____|____/ 
          \_\                                                            

Modification de l'adresse d'un abonné résidant en France sans ou avec date d'effet
--------------------------------------------------------------------------
[main] ERROR  -     Test failed at step: Then l'adresse de l'abonné modifiée est enregistrée sur l'ensemble des contrats de l'abonné
[main] ERROR  -     expected:<0> but was:<1>
]]></system-err>
  </testcase>
</testsuite>